Apr-20 21:52:14.624 [main] DEBUG nextflow.cli.Launcher - $> nextflow run main.nf -profile local -resume
Apr-20 21:52:14.698 [main] DEBUG nextflow.cli.CmdRun - N E X T F L O W  ~  version 25.10.4
Apr-20 21:52:14.719 [main] DEBUG nextflow.plugin.PluginsFacade - Setting up plugin manager > mode=prod; embedded=false; plugins-dir=/home/ec2-user/.nextflow/plugins; core-plugins: nf-amazon@3.4.4,nf-azure@1.20.2,nf-cloudcache@0.5.0,nf-codecommit@0.5.0,nf-console@1.3.0,nf-google@1.23.5,nf-k8s@1.2.2,nf-tower@1.17.5,nf-wave@1.16.1
Apr-20 21:52:14.739 [main] INFO  o.pf4j.DefaultPluginStatusProvider - Enabled plugins: []
Apr-20 21:52:14.740 [main] INFO  o.pf4j.DefaultPluginStatusProvider - Disabled plugins: []
Apr-20 21:52:14.743 [main] INFO  org.pf4j.DefaultPluginManager - PF4J version 3.12.0 in 'deployment' mode
Apr-20 21:52:14.756 [main] DEBUG nextflow.util.RetryConfig - Missing nextflow session - using default retry config
Apr-20 21:52:14.878 [main] INFO  org.pf4j.AbstractPluginManager - No plugins
Apr-20 21:52:14.909 [main] DEBUG nextflow.config.ConfigBuilder - Found config local: /home/ec2-user/workdir/grallow/nextflow.config
Apr-20 21:52:14.913 [main] DEBUG nextflow.config.ConfigBuilder - Parsing config file: /home/ec2-user/workdir/grallow/nextflow.config
Apr-20 21:52:14.937 [main] DEBUG nextflow.config.ConfigBuilder - Applying config profile: `local`
Apr-20 21:52:15.543 [main] DEBUG nextflow.config.ConfigBuilder - Available config profiles: [cloud, local]
Apr-20 21:52:15.575 [main] DEBUG nextflow.plugin.PluginsFacade - Plugins default=[]
Apr-20 21:52:15.575 [main] DEBUG nextflow.plugin.PluginsFacade - Plugins resolved requirement=[]
Apr-20 21:52:15.594 [main] DEBUG n.secret.LocalSecretsProvider - Secrets store: /home/ec2-user/.nextflow/secrets/store.json
Apr-20 21:52:15.609 [main] DEBUG nextflow.secret.SecretsLoader - Discovered secrets providers: [nextflow.secret.LocalSecretsProvider@6ca372ef] - activable => nextflow.secret.LocalSecretsProvider@6ca372ef
Apr-20 21:52:15.623 [main] DEBUG nextflow.cli.CmdRun - Applied DSL=2 from script declaration
Apr-20 21:52:15.640 [main] DEBUG nextflow.cli.CmdRun - Launching `main.nf` [lethal_avogadro] DSL2 - revision: 834fcdf710
Apr-20 21:52:15.694 [main] DEBUG nextflow.Session - Session UUID: 64b8ba5f-3c3e-464f-96bf-73c54d3995a2
Apr-20 21:52:15.694 [main] DEBUG nextflow.Session - Run name: lethal_avogadro
Apr-20 21:52:15.695 [main] DEBUG nextflow.Session - Executor pool size: 8
Apr-20 21:52:15.705 [main] DEBUG nextflow.file.FilePorter - File porter settings maxRetries=3; maxTransfers=50; pollTimeout=null
Apr-20 21:52:15.711 [main] DEBUG nextflow.util.ThreadPoolBuilder - Creating thread pool 'FileTransfer' minSize=10; maxSize=24; workQueue=LinkedBlockingQueue[-1]; allowCoreThreadTimeout=false
Apr-20 21:52:15.735 [main] DEBUG nextflow.cli.CmdRun - 
  Version: 25.10.4 build 11173
  Created: 10-02-2026 15:17 UTC 
  System: Linux 6.1.158-178.288.amzn2023.x86_64
  Runtime: Groovy 4.0.28 on OpenJDK 64-Bit Server VM 17.0.10+7
  Encoding: UTF-8 (UTF-8)
  Process: 14958@ip-172-31-34-63.ec2.internal [172.31.34.63]
  CPUs: 8 - Mem: 15.2 GB (13.8 GB) - Swap: 0 (0)
Apr-20 21:52:15.764 [main] DEBUG nextflow.Session - Work-dir: /home/ec2-user/workdir/grallow/work [xfs]
Apr-20 21:52:15.799 [main] DEBUG nextflow.executor.ExecutorFactory - Extension executors providers=[]
Apr-20 21:52:15.809 [main] DEBUG nextflow.Session - Observer factory (v2): LinObserverFactory
Apr-20 21:52:15.813 [main] DEBUG nextflow.Session - Observer factory (v2): DefaultObserverFactory
Apr-20 21:52:15.855 [main] DEBUG nextflow.cache.CacheFactory - Using Nextflow cache factory: nextflow.cache.DefaultCacheFactory
Apr-20 21:52:15.864 [main] DEBUG nextflow.util.CustomThreadPool - Creating default thread pool > poolSize: 9; maxThreads: 1000
Apr-20 21:52:15.937 [main] DEBUG nextflow.Session - Session start
Apr-20 21:52:16.179 [main] DEBUG nextflow.script.ScriptRunner - > Launching execution
Apr-20 21:52:16.707 [main] DEBUG n.script.dsl.ProcessConfigBuilder - Config settings `withLabel:process_medium` matches labels `process_medium` for process with name REHEADER_BAM
Apr-20 21:52:16.710 [main] DEBUG n.script.dsl.ProcessConfigBuilder - Config settings `withName:REHEADER_BAM|FLAGSTAT` matches process REHEADER_BAM
Apr-20 21:52:16.713 [main] DEBUG nextflow.executor.ExecutorFactory - << taskConfig executor: null
Apr-20 21:52:16.713 [main] DEBUG nextflow.executor.ExecutorFactory - >> processorType: 'local'
Apr-20 21:52:16.722 [main] DEBUG nextflow.executor.Executor - [warm up] executor > local
Apr-20 21:52:16.728 [main] DEBUG n.processor.LocalPollingMonitor - Creating local task monitor for executor 'local' > cpus=8; memory=15.2 GB; capacity=8; pollInterval=100ms; dumpInterval=5m
Apr-20 21:52:16.730 [main] DEBUG n.processor.TaskPollingMonitor - >>> barrier register (monitor: local)
Apr-20 21:52:16.753 [main] DEBUG nextflow.processor.TaskProcessor - Creating process 'REHEADER_BAM': maxForks=0; fair=false; array=0
Apr-20 21:52:16.786 [main] DEBUG n.script.dsl.ProcessConfigBuilder - Config settings `withLabel:process_low` matches labels `process_low` for process with name MOSDEPTH
Apr-20 21:52:16.787 [main] DEBUG n.script.dsl.ProcessConfigBuilder - Config settings `withName:MOSDEPTH` matches process MOSDEPTH
Apr-20 21:52:16.788 [main] DEBUG nextflow.executor.ExecutorFactory - << taskConfig executor: null
Apr-20 21:52:16.788 [main] DEBUG nextflow.executor.ExecutorFactory - >> processorType: 'local'
Apr-20 21:52:16.789 [main] DEBUG nextflow.processor.TaskProcessor - Creating process 'MOSDEPTH': maxForks=0; fair=false; array=0
Apr-20 21:52:16.795 [main] DEBUG n.script.dsl.ProcessConfigBuilder - Config settings `withLabel:process_low` matches labels `process_low` for process with name FLAGSTAT
Apr-20 21:52:16.796 [main] DEBUG n.script.dsl.ProcessConfigBuilder - Config settings `withName:REHEADER_BAM|FLAGSTAT` matches process FLAGSTAT
Apr-20 21:52:16.798 [main] DEBUG nextflow.executor.ExecutorFactory - << taskConfig executor: null
Apr-20 21:52:16.798 [main] DEBUG nextflow.executor.ExecutorFactory - >> processorType: 'local'
Apr-20 21:52:16.799 [main] DEBUG nextflow.processor.TaskProcessor - Creating process 'FLAGSTAT': maxForks=0; fair=false; array=0
Apr-20 21:52:16.806 [main] DEBUG n.script.dsl.ProcessConfigBuilder - Config settings `withLabel:process_high` matches labels `process_high` for process with name NANOPLOT
Apr-20 21:52:16.807 [main] DEBUG n.script.dsl.ProcessConfigBuilder - Config settings `withName:NANOPLOT|MULTIQC` matches process NANOPLOT
Apr-20 21:52:16.808 [main] DEBUG nextflow.executor.ExecutorFactory - << taskConfig executor: null
Apr-20 21:52:16.809 [main] DEBUG nextflow.executor.ExecutorFactory - >> processorType: 'local'
Apr-20 21:52:16.812 [main] DEBUG nextflow.processor.TaskProcessor - Creating process 'NANOPLOT': maxForks=2; fair=false; array=0
Apr-20 21:52:16.836 [main] DEBUG n.script.dsl.ProcessConfigBuilder - Config settings `withLabel:process_low` matches labels `process_low` for process with name MULTIQC
Apr-20 21:52:16.837 [main] DEBUG n.script.dsl.ProcessConfigBuilder - Config settings `withName:NANOPLOT|MULTIQC` matches process MULTIQC
Apr-20 21:52:16.838 [main] DEBUG nextflow.executor.ExecutorFactory - << taskConfig executor: null
Apr-20 21:52:16.838 [main] DEBUG nextflow.executor.ExecutorFactory - >> processorType: 'local'
Apr-20 21:52:16.839 [main] DEBUG nextflow.processor.TaskProcessor - Creating process 'MULTIQC': maxForks=0; fair=false; array=0
Apr-20 21:52:16.846 [main] DEBUG n.script.dsl.ProcessConfigBuilder - Config settings `withLabel:process_low` matches labels `process_low` for process with name EVALUATE_QC
Apr-20 21:52:16.847 [main] DEBUG nextflow.executor.ExecutorFactory - << taskConfig executor: null
Apr-20 21:52:16.847 [main] DEBUG nextflow.executor.ExecutorFactory - >> processorType: 'local'
Apr-20 21:52:16.848 [main] DEBUG nextflow.processor.TaskProcessor - Creating process 'EVALUATE_QC': maxForks=0; fair=false; array=0
Apr-20 21:52:16.851 [main] DEBUG nextflow.Session - Workflow process names [dsl2]: MOSDEPTH, FLAGSTAT, REHEADER_BAM, MULTIQC, NANOPLOT, EVALUATE_QC
Apr-20 21:52:16.853 [main] DEBUG nextflow.Session - Igniting dataflow network (7)
Apr-20 21:52:16.858 [main] DEBUG nextflow.processor.TaskProcessor - Starting process > REHEADER_BAM
Apr-20 21:52:16.859 [main] DEBUG nextflow.processor.TaskProcessor - Starting process > MOSDEPTH
Apr-20 21:52:16.859 [main] DEBUG nextflow.processor.TaskProcessor - Starting process > FLAGSTAT
Apr-20 21:52:16.859 [main] DEBUG nextflow.processor.TaskProcessor - Starting process > NANOPLOT
Apr-20 21:52:16.860 [main] DEBUG nextflow.processor.TaskProcessor - Starting process > MULTIQC
Apr-20 21:52:16.860 [main] DEBUG nextflow.processor.TaskProcessor - Starting process > EVALUATE_QC
Apr-20 21:52:16.861 [main] DEBUG nextflow.script.ScriptRunner - Parsed script files:
  Script_2ae34049f0b17b7b: /home/ec2-user/workdir/grallow/main.nf
  Script_ea60377e4ae985e7: /home/ec2-user/workdir/grallow/modules/reheader.nf
  Script_11e7ca6aaa214884: /home/ec2-user/workdir/grallow/modules/qc.nf
Apr-20 21:52:16.861 [main] DEBUG nextflow.script.ScriptRunner - > Awaiting termination 
Apr-20 21:52:16.861 [main] DEBUG nextflow.Session - Session await
Apr-20 21:52:16.970 [Actor Thread 5] DEBUG nextflow.conda.CondaCache - conda found local env for environment=/home/ec2-user/miniconda3/envs/bstools; path=/home/ec2-user/miniconda3/envs/bstools
Apr-20 21:52:17.044 [Task submitter] DEBUG n.executor.local.LocalTaskHandler - Launch cmd line: /bin/bash -ue .command.run
Apr-20 21:52:17.046 [Task submitter] INFO  nextflow.Session - [a9/20b9a3] Submitted process > REHEADER_BAM (B007-04_1)
Apr-20 21:52:32.583 [SIGINT handler] DEBUG nextflow.Session - Session aborted -- Cause: SIGINT
Apr-20 21:52:32.601 [Task monitor] DEBUG n.processor.TaskPollingMonitor - <<< barrier arrives (monitor: local) - terminating tasks monitor poll loop
Apr-20 21:52:32.602 [SIGINT handler] DEBUG nextflow.Session - The following nodes are still active:
[process] MOSDEPTH
  status=ACTIVE
  port 0: (queue) OPEN  ; channel: -
  port 1: (cntrl) -     ; channel: $

[process] FLAGSTAT
  status=ACTIVE
  port 0: (queue) OPEN  ; channel: -
  port 1: (cntrl) -     ; channel: $

[process] NANOPLOT
  status=ACTIVE
  port 0: (queue) OPEN  ; channel: -
  port 1: (cntrl) -     ; channel: $

[process] MULTIQC
  status=ACTIVE
  port 0: (value) OPEN  ; channel: qc_files
  port 1: (cntrl) -     ; channel: $

[process] EVALUATE_QC
  status=ACTIVE
  port 0: (value) OPEN  ; channel: multiqc_data_dir
  port 1: (value) OPEN  ; channel: mosdepth_files
  port 2: (cntrl) -     ; channel: $

Apr-20 21:52:32.608 [SIGINT handler] WARN  n.processor.TaskPollingMonitor - Killing running tasks (1)
Apr-20 21:52:32.615 [SIGINT handler] DEBUG n.executor.local.LocalTaskHandler - Unable to kill REHEADER_BAM (B007-04_1) -- command: kill -TERM 15058; exit: 1 
 bash: line 1: kill: (15058) - No such process

Apr-20 21:52:32.621 [SIGINT handler] DEBUG n.trace.WorkflowStatsObserver - Workflow completed > WorkflowStats[succeededCount=0; failedCount=0; ignoredCount=0; cachedCount=0; pendingCount=0; submittedCount=0; runningCount=0; retriesCount=0; abortedCount=1; succeedDuration=0ms; failedDuration=0ms; cachedDuration=0ms;loadCpus=0; loadMemory=0; peakRunning=1; peakCpus=2; peakMemory=2 GB; ]
Apr-20 21:52:32.785 [main] DEBUG nextflow.Session - Session await > all processes finished
Apr-20 21:52:32.785 [main] DEBUG nextflow.Session - Session await > all barriers passed
Apr-20 21:52:32.786 [main] DEBUG n.trace.WorkflowStatsObserver - Workflow completed > WorkflowStats[succeededCount=0; failedCount=0; ignoredCount=0; cachedCount=0; pendingCount=0; submittedCount=0; runningCount=0; retriesCount=0; abortedCount=1; succeedDuration=0ms; failedDuration=0ms; cachedDuration=0ms;loadCpus=0; loadMemory=0; peakRunning=1; peakCpus=2; peakMemory=2 GB; ]
Apr-20 21:52:32.794 [main] DEBUG nextflow.cache.CacheDB - Closing CacheDB done
Apr-20 21:52:32.807 [main] DEBUG nextflow.script.ScriptRunner - > Execution complete -- Goodbye
